\BOOKMARK [1][-]{section.1}{Supervised Learning}{}% 1
\BOOKMARK [2][-]{subsection.1.1}{Part I: Linear Regression}{section.1}% 2
\BOOKMARK [3][-]{subsubsection.1.1.1}{LMS algorithm}{subsection.1.1}% 3
\BOOKMARK [2][-]{subsection.1.2}{The normal equations}{section.1}% 4
\BOOKMARK [3][-]{subsubsection.1.2.1}{Matrix derivatives}{subsection.1.2}% 5
\BOOKMARK [3][-]{subsubsection.1.2.2}{Least squares revisited}{subsection.1.2}% 6
\BOOKMARK [1][-]{section.2}{Statistical Learning}{}% 7
\BOOKMARK [2][-]{subsection.2.1}{Measuring the Quantity fit}{section.2}% 8
\BOOKMARK [2][-]{subsection.2.2}{The Bias-Variance Trade-Off}{section.2}% 9
\BOOKMARK [2][-]{subsection.2.3}{The Classification Setting}{section.2}% 10
\BOOKMARK [1][-]{section.3}{Classification}{}% 11
\BOOKMARK [2][-]{subsection.3.1}{Why Not Linear Regression?}{section.3}% 12
\BOOKMARK [2][-]{subsection.3.2}{Logistic Regression}{section.3}% 13
\BOOKMARK [2][-]{subsection.3.3}{Estimating the Regression Coefficients}{section.3}% 14
\BOOKMARK [2][-]{subsection.3.4}{Linear Discriminant Analysis}{section.3}% 15
\BOOKMARK [3][-]{subsubsection.3.4.1}{Using Bayes' Theorem for Classification}{subsection.3.4}% 16
\BOOKMARK [3][-]{subsubsection.3.4.2}{Linear Discriminant Analysis for p = 1}{subsection.3.4}% 17
\BOOKMARK [3][-]{subsubsection.3.4.3}{Linear Discriminant Analysis for p > 1}{subsection.3.4}% 18
\BOOKMARK [3][-]{subsubsection.3.4.4}{Quadratic Discriminant Analysis}{subsection.3.4}% 19
\BOOKMARK [1][-]{section.4}{Implementation - Python}{}% 20
\BOOKMARK [2][-]{subsection.4.1}{Classification}{section.4}% 21
\BOOKMARK [3][-]{subsubsection.4.1.1}{Machine Learning Basics}{subsection.4.1}% 22
\BOOKMARK [3][-]{subsubsection.4.1.2}{Classification with k-Nearest Neighbors}{subsection.4.1}% 23
\BOOKMARK [1][-]{section.5}{Image Classification \(CS231n\)}{}% 24
\BOOKMARK [2][-]{subsection.5.1}{L1/L2 distance}{section.5}% 25
\BOOKMARK [2][-]{subsection.5.2}{k-Nearest Neighbor Classifier}{section.5}% 26
\BOOKMARK [2][-]{subsection.5.3}{Linear Classification}{section.5}% 27
\BOOKMARK [3][-]{subsubsection.5.3.1}{Multiclass SVM}{subsection.5.3}% 28
\BOOKMARK [3][-]{subsubsection.5.3.2}{Softmax classifier}{subsection.5.3}% 29
\BOOKMARK [3][-]{subsubsection.5.3.3}{SVM vs Softmax}{subsection.5.3}% 30
\BOOKMARK [3][-]{subsubsection.5.3.4}{Optional: Deep Learning using Linear Support Vector Machines}{subsection.5.3}% 31
